gssr.pl was run and results were yielded at Tue Sep 10 23:21:55 2013
gssr.pl was run and results were yielded at Tue Sep 10 23:23:45 2013
gssr.pl was run and results were yielded at Tue Sep 10 23:26:14 2013
gssr.pl was run and results were yielded at Wed Sep 11 01:23:19 2013
gssr.pl was run and results were yielded at Wed Sep 11 17:19:39 2013
gssr.pl was run and results were yielded at Thu Sep 12 06:16:10 2013
gssr.pl was run and results were yielded at Thu Sep 12 17:24:13 2013
gssr.pl was run and results were yielded at Fri Sep 13 23:29:43 2013
gssr.pl was run and results were yielded at Fri Sep 13 23:30:41 2013
gssr.pl was run and results were yielded at Fri Sep 13 23:32:00 2013
gssr.pl was run and results were yielded at Sat Sep 14 00:07:12 2013
gssr.pl was run and results were yielded at Sat Sep 14 19:59:10 2013
gssr.pl was run and results were yielded at Sun Sep 15 00:19:25 2013
gssr.pl was run and results were yielded at Sun Sep 15 00:23:26 2013
gssr.pl was run and results were yielded at Mon Sep 23 23:23:10 2013
gssr.pl was run and results were yielded at Mon Nov  4 17:25:33 2013
gssr.pl was run and results were yielded at Mon Nov  4 19:40:55 2013
gssr.pl was run and results were yielded at Mon Nov  4 19:43:20 2013
gssr.pl was run and results were yielded at Mon Nov  4 19:45:54 2013
gssr.pl was run and results were yielded at Mon Nov  4 19:47:47 2013
gssr.pl was run and results were yielded at Mon Nov  4 19:48:16 2013
gssr.pl was run and results were yielded at Mon Nov  4 19:55:50 2013
gssr.pl was run and results were yielded at Mon Nov  4 20:02:36 2013
gssr.pl was run and results were yielded at Mon Nov  4 20:04:36 2013
gssr.pl was run and results were yielded at Mon Nov  4 20:05:40 2013
gssr.pl was run and results were yielded at Mon Nov  4 20:30:35 2013
gssr.pl was run and results were yielded at Tue Nov  5 07:24:26 2013
gssr.pl was run and results were yielded at Tue Nov  5 07:26:31 2013
gssr.pl was run and results were yielded at Tue Nov  5 07:31:48 2013
gssr.pl was run and results were yielded at Tue Nov  5 07:36:13 2013
gssr.pl was run and results were yielded at Tue Nov  5 07:38:39 2013
gssr.pl was run and results were yielded at Tue Nov  5 07:40:53 2013
gssr.pl was run and results were yielded at Tue Nov  5 07:45:24 2013
gssr.pl was run and results were yielded at Tue Nov  5 07:47:59 2013
gssr.pl was run and results were yielded at Tue Nov  5 07:49:22 2013
gssr.pl was run and results were yielded at Tue Nov  5 07:51:30 2013
gssr.pl was run and results were yielded at Tue Nov  5 07:56:38 2013
gssr.pl was run and results were yielded at Tue Nov  5 08:08:21 2013
gssr.pl was run and results were yielded at Tue Nov  5 08:11:38 2013
gssr.pl was run and results were yielded at Tue Nov  5 08:19:52 2013
gssr.pl was run and results were yielded at Tue Nov  5 18:04:13 2013
gssr.pl was run and results were yielded at Tue Nov  5 18:56:05 2013
gssr.pl was run and results were yielded at Tue Nov  5 18:58:01 2013
gssr.pl was run and results were yielded at Tue Nov  5 18:58:34 2013
gssr.pl was run and results were yielded at Tue Nov  5 19:02:26 2013
gssr.pl was run and results were yielded at Tue Nov  5 19:03:10 2013
gssr.pl was run and results were yielded at Tue Nov  5 19:04:28 2013
gssr.pl was run and results were yielded at Tue Nov  5 19:05:24 2013
gssr.pl was run and results were yielded at Tue Nov  5 19:08:01 2013
gssr.pl was run and results were yielded at Thu Apr 10 15:07:37 2014
gssr.pl was run and results were yielded at Thu Apr 10 15:27:57 2014
gssr.pl was run and results were yielded at Fri Apr 11 18:14:42 2014
gssr.pl was run and results were yielded at Sat Apr 12 10:46:56 2014
gssr.pl was run and results were yielded at Sat Apr 12 12:25:20 2014
gssr.pl was run and results were yielded at Sat Apr 12 12:31:02 2014
gssr.pl was run and results were yielded at Sat Apr 12 13:55:24 2014
gssr.pl was run and results were yielded at Sat Apr 12 13:57:42 2014
gssr.pl was run and results were yielded at Sat Apr 12 14:04:00 2014
gssr.pl was run and results were yielded at Sat Apr 12 14:49:42 2014
gssr.pl was run and results were yielded at Sun Apr 13 05:12:36 2014
gssr.pl was run and results were yielded at Sun Apr 13 06:05:30 2014
gssr.pl was run and results were yielded at Sun Apr 13 06:08:23 2014
gssr.pl was run and results were yielded at Sun Apr 13 06:12:42 2014
gssr.pl was run and results were yielded at Sun Apr 13 06:16:31 2014
gssr.pl was run and results were yielded at Sun Apr 13 06:27:59 2014
gssr.pl was run and results were yielded at Sun Apr 13 06:49:20 2014
gssr.pl was run and results were yielded at Sun Apr 13 06:55:11 2014
gssr.pl was run and results were yielded at Sun Apr 13 06:57:06 2014
gssr.pl was run and results were yielded at Sun Apr 13 07:05:52 2014
gssr.pl was run and results were yielded at Sun Apr 13 07:08:12 2014
gssr.pl was run and results were yielded at Sun Apr 13 07:18:46 2014
gssr.pl was run and results were yielded at Sun Apr 13 07:28:56 2014
gssr.pl was run and results were yielded at Sun Apr 13 07:33:07 2014
gssr.pl was run and results were yielded at Sun Apr 13 09:06:19 2014
gssr.pl was run and results were yielded at Sun Apr 13 09:21:56 2014
gssr.pl was run and results were yielded at Sun Apr 13 11:32:40 2014
gssr.pl was run and results were yielded at Sun Apr 13 11:59:45 2014
gssr.pl was run and results were yielded at Tue Apr 15 03:50:15 2014
gssr.pl was run and results were yielded at Thu May 22 03:31:31 2014
gssr.pl was run and results were yielded at Sat Jan 23 05:01:06 2016
gssr.pl was run and results were yielded at Sat Jan 23 22:54:26 2016
gssr.pl was run and results were yielded at Sun Jan 24 15:43:08 2016
gssr.pl was run and results were yielded at Sun Jan 24 15:47:58 2016
gssr.pl was run and results were yielded at Mon Feb 13 17:30:32 2017
gssr.pl was run and results were yielded at Mon Feb 13 20:01:01 2017
